c:\users\user\pictures\ju\ccc\src\simulation\aodv\x64\debug\vc143.pdb
c:\users\user\pictures\ju\ccc\src\simulation\aodv\x64\debug\vc143.idb
c:\users\user\pictures\ju\ccc\src\simulation\aodv\x64\debug\rreq.obj
c:\users\user\pictures\ju\ccc\src\simulation\aodv\x64\debug\rrep.obj
c:\users\user\pictures\ju\ccc\src\simulation\aodv\x64\debug\routetable.obj
c:\users\user\pictures\ju\ccc\src\simulation\aodv\x64\debug\routemaint.obj
c:\users\user\pictures\ju\ccc\src\simulation\aodv\x64\debug\hellomessage.obj
c:\users\user\pictures\ju\ccc\src\simulation\aodv\x64\debug\generalpacketprocessing.obj
c:\users\user\pictures\ju\ccc\src\simulation\aodv\x64\debug\fifobuffer.obj
c:\users\user\pictures\ju\ccc\src\simulation\aodv\x64\debug\aodv_routeerror.obj
c:\users\user\pictures\ju\ccc\src\simulation\aodv\x64\debug\aodv_checkroutefound.obj
c:\users\user\pictures\ju\ccc\src\simulation\aodv\x64\debug\aodv.obj
c:\users\user\pictures\ju\ccc\bin\bin_x64\libaodv.dll
c:\users\user\pictures\ju\ccc\bin\bin_x64\aodv.pdb
c:\users\user\pictures\ju\ccc\bin\bin_x64\aodv.lib
c:\users\user\pictures\ju\ccc\bin\bin_x64\aodv.exp
c:\users\user\desktop\cc_aodv_v12_2\src\simulation\aodv\x64\debug\aodv.obj
c:\users\user\desktop\cc_aodv_v12_2\src\simulation\aodv\x64\debug\aodv_checkroutefound.obj
c:\users\user\desktop\cc_aodv_v12_2\src\simulation\aodv\x64\debug\aodv_routeerror.obj
c:\users\user\desktop\cc_aodv_v12_2\src\simulation\aodv\x64\debug\fifobuffer.obj
c:\users\user\desktop\cc_aodv_v12_2\src\simulation\aodv\x64\debug\generalpacketprocessing.obj
c:\users\user\desktop\cc_aodv_v12_2\src\simulation\aodv\x64\debug\hellomessage.obj
c:\users\user\desktop\cc_aodv_v12_2\src\simulation\aodv\x64\debug\routemaint.obj
c:\users\user\desktop\cc_aodv_v12_2\src\simulation\aodv\x64\debug\routetable.obj
c:\users\user\desktop\cc_aodv_v12_2\src\simulation\aodv\x64\debug\rrep.obj
c:\users\user\desktop\cc_aodv_v12_2\src\simulation\aodv\x64\debug\rreq.obj
c:\users\user\desktop\cc_aodv_v12_2\src\simulation\aodv\x64\debug\vc143.idb
c:\users\user\desktop\cc_aodv_v12_2\src\simulation\aodv\x64\debug\vc143.pdb
c:\users\user\desktop\cc_aodv_v12_2\src\simulation\aodv\x64\debug\aodv.tlog\cl.command.1.tlog
c:\users\user\desktop\cc_aodv_v12_2\src\simulation\aodv\x64\debug\aodv.tlog\cl.items.tlog
c:\users\user\desktop\cc_aodv_v12_2\src\simulation\aodv\x64\debug\aodv.tlog\cl.read.1.tlog
c:\users\user\desktop\cc_aodv_v12_2\src\simulation\aodv\x64\debug\aodv.tlog\cl.write.1.tlog
c:\users\user\desktop\cc_aodv_v12_2\src\simulation\aodv\x64\debug\aodv.tlog\link.command.1.tlog
c:\users\user\desktop\cc_aodv_v12_2\src\simulation\aodv\x64\debug\aodv.tlog\link.read.1.tlog
c:\users\user\desktop\cc_aodv_v12_2\src\simulation\aodv\x64\debug\aodv.tlog\link.write.1.tlog
c:\users\user\desktop\cc_aodv_v12_2\src\simulation\aodv\x64\debug\aodv.tlog\link.write.2u.tlog
