c:\users\matlab\desktop\cc-aodv-workspace\cc-aodv-workspace\src\simulation\aodv\x64\debug\vc143.pdb
c:\users\matlab\desktop\cc-aodv-workspace\cc-aodv-workspace\src\simulation\aodv\x64\debug\vc143.idb
c:\users\matlab\desktop\cc-aodv-workspace\cc-aodv-workspace\src\simulation\aodv\x64\debug\rreq.obj
c:\users\matlab\desktop\cc-aodv-workspace\cc-aodv-workspace\src\simulation\aodv\x64\debug\rrep.obj
c:\users\matlab\desktop\cc-aodv-workspace\cc-aodv-workspace\src\simulation\aodv\x64\debug\routetable.obj
c:\users\matlab\desktop\cc-aodv-workspace\cc-aodv-workspace\src\simulation\aodv\x64\debug\routemaint.obj
c:\users\matlab\desktop\cc-aodv-workspace\cc-aodv-workspace\src\simulation\aodv\x64\debug\hellomessage.obj
c:\users\matlab\desktop\cc-aodv-workspace\cc-aodv-workspace\src\simulation\aodv\x64\debug\generalpacketprocessing.obj
c:\users\matlab\desktop\cc-aodv-workspace\cc-aodv-workspace\src\simulation\aodv\x64\debug\fifobuffer.obj
c:\users\matlab\desktop\cc-aodv-workspace\cc-aodv-workspace\src\simulation\aodv\x64\debug\aodv_routeerror.obj
c:\users\matlab\desktop\cc-aodv-workspace\cc-aodv-workspace\src\simulation\aodv\x64\debug\aodv_checkroutefound.obj
c:\users\matlab\desktop\cc-aodv-workspace\cc-aodv-workspace\src\simulation\aodv\x64\debug\aodvlib.obj
c:\users\matlab\desktop\cc-aodv-workspace\cc-aodv-workspace\src\simulation\aodv\x64\debug\aodv.obj
c:\users\matlab\desktop\cc-aodv-workspace\cc-aodv-workspace\bin\bin_x64\libaodv.dll
c:\users\matlab\desktop\cc-aodv-workspace\cc-aodv-workspace\bin\bin_x64\aodv.pdb
c:\users\matlab\desktop\cc-aodv-workspace\cc-aodv-workspace\bin\bin_x64\aodv.lib
c:\users\matlab\desktop\cc-aodv-workspace\cc-aodv-workspace\bin\bin_x64\aodv.exp
c:\users\matlab\documents\netsim_12.2.26_64_std_default\src\simulation\aodv\x64\debug\aodv.obj
c:\users\matlab\documents\netsim_12.2.26_64_std_default\src\simulation\aodv\x64\debug\aodvlib.obj
c:\users\matlab\documents\netsim_12.2.26_64_std_default\src\simulation\aodv\x64\debug\aodv_checkroutefound.obj
c:\users\matlab\documents\netsim_12.2.26_64_std_default\src\simulation\aodv\x64\debug\aodv_routeerror.obj
c:\users\matlab\documents\netsim_12.2.26_64_std_default\src\simulation\aodv\x64\debug\fifobuffer.obj
c:\users\matlab\documents\netsim_12.2.26_64_std_default\src\simulation\aodv\x64\debug\generalpacketprocessing.obj
c:\users\matlab\documents\netsim_12.2.26_64_std_default\src\simulation\aodv\x64\debug\hellomessage.obj
c:\users\matlab\documents\netsim_12.2.26_64_std_default\src\simulation\aodv\x64\debug\routemaint.obj
c:\users\matlab\documents\netsim_12.2.26_64_std_default\src\simulation\aodv\x64\debug\routetable.obj
c:\users\matlab\documents\netsim_12.2.26_64_std_default\src\simulation\aodv\x64\debug\rrep.obj
c:\users\matlab\documents\netsim_12.2.26_64_std_default\src\simulation\aodv\x64\debug\rreq.obj
c:\users\matlab\documents\netsim_12.2.26_64_std_default\src\simulation\aodv\x64\debug\vc143.idb
c:\users\matlab\documents\netsim_12.2.26_64_std_default\src\simulation\aodv\x64\debug\vc143.pdb
c:\users\matlab\documents\netsim_12.2.26_64_std_default\src\simulation\aodv\x64\debug\aodv.tlog\cl.command.1.tlog
c:\users\matlab\documents\netsim_12.2.26_64_std_default\src\simulation\aodv\x64\debug\aodv.tlog\cl.items.tlog
c:\users\matlab\documents\netsim_12.2.26_64_std_default\src\simulation\aodv\x64\debug\aodv.tlog\cl.read.1.tlog
c:\users\matlab\documents\netsim_12.2.26_64_std_default\src\simulation\aodv\x64\debug\aodv.tlog\cl.write.1.tlog
c:\users\matlab\documents\netsim_12.2.26_64_std_default\src\simulation\aodv\x64\debug\aodv.tlog\link.command.1.tlog
c:\users\matlab\documents\netsim_12.2.26_64_std_default\src\simulation\aodv\x64\debug\aodv.tlog\link.read.1.tlog
c:\users\matlab\documents\netsim_12.2.26_64_std_default\src\simulation\aodv\x64\debug\aodv.tlog\link.write.1.tlog
c:\users\matlab\documents\netsim_12.2.26_64_std_default\src\simulation\aodv\x64\debug\aodv.tlog\link.write.2u.tlog
